1541775861493:help
1541777307208:sqare 1 1 2
1541777332048:help
1541777342840:square 1 1 2
1541777391336:square 1.2 1.2 2.0
1541777446328:square 1 1 2
1541777497735:help
1541777501869:square 1 2 3
1541777557329:help
1541777565297:square 1 2 3
1541780206422:help
1541780213817:square 1 2 3
1541850622402:help
1541870124337:square 1 2 3
1541870338371:circle a
1541870409447:circle 1 2 3
1541871309282:square 1 2 3
1541919518712:sqare 2 2 3
1541919632128:square 4 5 6
1541920499449:square 4 6 9
1541920709871:sqare 5 6 7
1541920718063:square 5 6 7
1541920871244:square 6 7 8
1541921655418:square 3 4 7
1541923653858:square 5 6 6
1541923879889:square 4 6 8
1541924146303:square 1 1 5
1541924265665:square 5 6 7
1541924708530:square 2 3 5
1541962405545:square 1 2 3
1541971392909:square 0 0 20
1541971406552:contains 5 5
1541972685306:circle 5 5 50
1541972734170:circle 50 50 10
1541972779847:circle 2 2 1
1541972794943:donut 1 1 5.0
1541972818810:donut 1 1 1.5 0.5
1541972888903:square 1 1 2
1541972901733:donut 1 1 1 0.5
1541973061276:donut 1 1 1 0.7
1541973088379:donut 1 1 1 1
1541973258735:donut 1 1 1 0.99
1541973564559:donut 5 5 5 5
1541973638001:donut 5 5 5 4
1541974493804:donut 50 50 100 90
1541974582395:donut 50 50 2000 41
1541974625086:donut 5 5 5 2
1541974783475:contains 5 5
1541974823913:contains 0 0
1541974847079:squere 5 5 10 10
1541974861236:square 5 5 10
1541974876764:contains 5 5
1541974891790:circle 5 5 10
1541974906423:contains 5 5
1541974929986:contains 10
1541974936750:contains 10 10
1541974946869:contains 0 0
1541974957036:squere 0 0 1
1541974968395:square 0 1 1
1541974984148:contain 1 1
1541974993968:contains 1 1
1541975007406:contains 0 0
1541975019892:contains 1 0
1541975024085:contains 5 5
1541975029246:contains 1 2
1541975038354:squere 0 0 5
1541975048060:square 0 0 5
1541975078730:contais 0 0
1541975086473:contains 0 0
1541975096342:contains 0 2
1541975109632:contains 0 3
1541975113463:contains 3 3
1541975119525:contains -3 3
1541975134039:contains 4.9 4.9
1541975144494:circle 5 5 5
1541975152129:contains 4.9 4.9
1541976017572:circle 0 0 5
1541976025990:contains 0 0
1541976035294:contains 5 5
1541976050326:contains 0 5
1541976058537:contains 0 4
1541976823612:circle 0 0 5
1541977311344:contains 0 0
1541977320089:contais 5 5
1541977330765:contains 5 5
1541977336757:contains 0 5
1541977345484:contains 0 -5
1541977360303:contains 5 10
1541977365258:contains 5 6
1541977376532:contains 5 4
1541977393150:contains 3 3
1541977415410:square 0 0 3
1541977422885:contains 3 3
1541977429646:contians 0 0
1541977435226:contains 0 0
1541977444783:contains 0 3
1541977450391:contains 1 1
1541977456249:contains 0.1 0.1
1541977465191:contains 0.1 2.9
1541977474165:contains 2.9 2.9
1541977514039:triangle 0 0 3 3 3 0
1541977525106:contains 2.9 2.9
1541977641013:circle 50 50 40
1541977649578:contains 50 50
1541977668505:contains 51 51
1541977740830:contains 50 50
1541977751563:contains 55
1541977760254:contains 55 55
1542021755442:circle 0 0 5
1542021769144:contains 0 5
1542021776457:contains 0 -5
1542021791453:contains 0 -4.9
1542021829392:contains -5 0
1542021841964:contains 5 0
1542021850327:cntains 4.9 0
1542021856432:contains 4.90
1542021864090:contains 4.9 0
1542022079250:triangle 0 0 4 4 4 0
1542022099699:contaings 1 1
1542022106016:contains 1 1
1542022304300:triangle -1 0 -50 50 -100 0
1542022315810:contains -50 49
1542033672347:circle 10 10 50
1542033682137:contains 10 10
1542033878307:circle 10 10 50
1542033882872:contains 10 10
1542034187251:square 8 8 50
1542034191812:contains 10 10
1542041619911:donut 50 50 50 20
1542041684999:donut 50 50 50 25
1542042733955:contains 49 49
1542042752111:contains 50 0
1542042756361:contains 0 50
1542042791374:contains 45 50
1542043399098:donut 50 50 50 10
1542043412395:contains 25 25
1542043421338:contains 50 50
1542052458118:circle 50 50 50
1542053547627:circle 50 100 50 10
1542053568571:circle 50 100 50
1542053716171:contains 50 100
1542054631894:contains 455 455
1542057875446:contains 50 50
1542058763320:donut 50 50 50 10
1542058773547:contains 25 25
1542137905189:triangle 4 4 5 5 6 6
1542138128052:donut2 50 50 50 50
1542144719285:sqaure 0 0 20
1542144731870:square 0 0 20
1542144740777:contains 1 1
1542146177069:triangle 0 0 0 5 5 0
1542146221872:stackstrace
1542146238518:stacktrace
1542146268761:triangle 0 0 0 5 5 0
1542146273935:stacktrace
1542146843581:triangle 0 0 0 5 5 0
1542146858804:triangle 1 1 2 2 3 3
1542146905715:triangle 0 0 0 5 5 0
1542147138166:square 10 20 50
1542147429801:triangle 0 0 0 5 5 0
1542148051315:donut 50 50 50 10
1542148119233:square 0 0 50
1542148132929:circle 50 50 50
1542148194918:triangle 20 20 40 40 50 50
1542148497454:donut 50 50 50 10
1542148510531:square 0 0 50
1542148515743:contains 25 25
1542148653234:stacktrace
1542148752270:contains 25 25
1542196435935:contains 50 50
1542196485115:stacktrace
1542196544050:circle 50 50 50
1542196548321:contains 50 50
1542197446718:circle 50 50 50
1542197453080:contains 50 50
1542200803780:help
1542200871064:overlaps 50 50
1542200879469:overlaps 2
1542200899329:squere 0 0 50
1542200909647:square 0 0 50
1542200916094:overlaps 50
1542200924132:overlaps 3
